n/nabila.7731.jpg
n/nabila.7732.jpg
n/nabila.7733.jpg
n/nabila.7734.jpg
n/nabila.7735.jpg
n/nabila.7736.jpg
n/nabila.7737.jpg
n/nabila.7738.jpg
n/nabila.7739.jpg
n/nabila.7740.jpg
n/nabila.8834.jpg
n/nabila.8835.jpg
n/nabila.8836.jpg
n/nabila.8837.jpg
n/nabila.8838.jpg
n/nabila.8839.jpg
n/nabila.8840.jpg
n/nabila.9860.jpg
n/nabila.9861.jpg
n/nabila.9862.jpg
n/nabila.9863.jpg
n/nabila.9864.jpg
n/nabila.9865.jpg
n/nabila.9866.jpg
n/nabila.9867.jpg
n/nabila.9868.jpg
n/nabila.9869.jpg
n/nabila.9870.jpg
n/nabila.9871.jpg
n/nabila.9872.jpg
n/nabila.10221.jpg
n/nabila.12580.jpg
n/nabila.12581.jpg
n/nabila.12582.jpg
n/nabila.12583.jpg
n/nabila.12584.jpg
n/nabila.12585.jpg
n/nabila.12586.jpg
n/nabila.12587.jpg
n/nabila.12589.jpg
n/nabila.12916.jpg
n/nabila.12917.jpg
n/nabila.12918.jpg
n/nabila.12919.jpg
n/nabila.12920.jpg
n/nabila.12921.jpg
n/nabila.12922.jpg
n/nabila.12923.jpg
n/siti.4720.jpg
n/siti.4721.jpg
n/siti.4722.jpg
n/siti.4723.jpg
n/siti.4724.jpg
n/siti.4725.jpg
n/siti.4726.jpg
n/siti.4727.jpg
n/siti.4728.jpg
n/siti.4729.jpg
n/siti.4730.jpg
n/siti.4731.jpg
n/siti.10207.jpg
n/siti.10208.jpg
n/siti.10209.jpg
n/siti.10210.jpg
n/siti.10211.jpg
n/siti.10212.jpg
n/siti.10213.jpg
n/siti.10214.jpg
n/siti.11293.jpg
n/siti.11294.jpg
n/siti.11295.jpg
n/siti.11296.jpg
n/siti.11297.jpg
n/siti.11298.jpg
n/siti.13716.jpg
n/siti.13717.jpg
n/nabila.2882.jpg
n/nabila.2883.jpg
n/nabila.2884.jpg
n/nabila.2885.jpg
n/nabila.2886.jpg
n/nabila.2887.jpg
n/nabila.2888.jpg
n/nabila.2889.jpg
n/ilham.4858.jpg
n/ilham.4859.jpg
n/ilham.4860.jpg
n/ilham.12981.jpg
n/ilham.12982.jpg
n/ilham.12983.jpg
n/ilham.12985.jpg
n/ilham.12986.jpg
n/ilham.12987.jpg
n/ilham.12988.jpg
n/ilham.12989.jpg
n/ilham.12990.jpg
n/ilham.14210.jpg
n/ilham.14211.jpg
n/ilham.14212.jpg
n/ilham.14213.jpg
n/nabila.12120.jpg
n/nabila.12121.jpg
n/nabila.12122.jpg
n/nabila.12123.jpg
n/nabila.12124.jpg
n/nabila.12125.jpg
n/nabila.12126.jpg
n/nabila.12127.jpg
n/nabila.12128.jpg
n/nabila.12129.jpg
n/nabila.12924.jpg
n/nabila.12925.jpg
n/nabila.12926.jpg
n/nabila.12927.jpg
n/nabila.12928.jpg
n/nabila.12929.jpg
n/nabila.12930.jpg
n/nabila.12931.jpg
n/nabila.12932.jpg
n/nabila.12933.jpg
n/nabila.13868.jpg
n/nabila.13869.jpg
n/nabila.13870.jpg
n/nabila.13871.jpg
n/nabila.13872.jpg
n/nabila.13873.jpg
n/nabila.14406.jpg
n/nabila.14407.jpg
n/fuad.8215.jpg
n/fuad.8216.jpg
n/fuad.8217.jpg
n/fuad.8218.jpg
n/fuad.8219.jpg
n/fuad.8702.jpg
n/fuad.8703.jpg
n/fuad.8901.jpg
n/fuad.8902.jpg
n/fuad.8903.jpg
n/fuad.8904.jpg
n/fuad.8905.jpg
n/fuad.13988.jpg
n/fuad.13989.jpg
n/fuad.13990.jpg
n/fuad.13991.jpg
n/fuad.14465.jpg
n/fuad.14466.jpg
n/fuad.14999.jpg
n/fuad.15000.jpg
n/fuad.15001.jpg
n/fuad.15002.jpg
n/fuad.15003.jpg
n/fuad.15216.jpg
n/fuad.15217.jpg
n/fuad.15218.jpg
n/fuad.15219.jpg
n/fuad.15220.jpg
n/fuad.15221.jpg
n/fuad.15291.jpg
n/fuad.15292.jpg
n/fuad.15293.jpg
n/ilham.4163.jpg
n/ilham.4164.jpg
n/ilham.4165.jpg
n/ilham.4166.jpg
n/ilham.4167.jpg
n/ilham.4525.jpg
n/ilham.4526.jpg
n/ilham.4527.jpg
n/siti.1284.jpg
n/siti.1285.jpg
n/siti.1286.jpg
n/siti.1287.jpg
n/siti.1288.jpg
n/siti.1289.jpg
n/siti.1290.jpg
n/siti.1291.jpg
n/siti.1292.jpg
n/siti.1293.jpg
n/siti.1294.jpg
n/siti.1295.jpg
n/nabila.2063.jpg
n/nabila.2064.jpg
n/nabila.2065.jpg
n/nabila.2066.jpg
n/nabila.2067.jpg
n/nabila.2068.jpg
n/nabila.2069.jpg
n/nabila.2070.jpg
n/fuad.13082.jpg
n/fuad.13083.jpg
n/fuad.13084.jpg
n/fuad.13085.jpg
n/fuad.13086.jpg
n/fuad.13087.jpg
n/fuad.13088.jpg
n/fuad.13089.jpg
n/fuad.13090.jpg
n/fuad.13091.jpg
n/fuad.13092.jpg
n/fuad.13093.jpg
n/fuad.4359.jpg
n/fuad.4360.jpg
n/fuad.4361.jpg
n/fuad.4362.jpg
n/fuad.4363.jpg
n/fuad.4364.jpg
n/fuad.4365.jpg
n/fuad.4366.jpg
n/fuad.4367.jpg
n/fuad.4368.jpg
n/fuad.4369.jpg
n/fuad.4370.jpg
n/fauzan.6483.jpg
n/fauzan.7855.jpg
n/fauzan.7856.jpg
n/fauzan.7857.jpg
n/fauzan.7858.jpg
n/fauzan.10575.jpg
n/fauzan.10576.jpg
n/fauzan.10577.jpg
n/fauzan.10578.jpg
n/fauzan.13785.jpg
n/fauzan.13786.jpg
n/fauzan.13787.jpg
n/fauzan.13788.jpg
n/fikri.0.jpg
n/fikri.1.jpg
n/fikri.2.jpg
n/fikri.3.jpg
n/fikri.712.jpg
n/fikri.713.jpg
n/fikri.714.jpg
n/fikri.715.jpg
n/fikri.1682.jpg
n/fauzan.3600.jpg
n/fauzan.3601.jpg
n/fauzan.3602.jpg
n/fauzan.3603.jpg
n/fauzan.6160.jpg
n/fauzan.6161.jpg
n/fauzan.6162.jpg
n/fauzan.6163.jpg
n/fauzan.6480.jpg
n/fauzan.6481.jpg
n/fauzan.6482.jpg
n/nabila.12588.jpg