p/siti.9644.jpg 1 0 0 183 183
p/siti.9643.jpg 1 0 0 183 183
p/siti.9642.jpg 1 0 0 208 208
p/siti.823.jpg 1 0 0 255 255
p/siti.822.jpg 1 0 0 248 248
p/siti.821.jpg 1 0 0 247 247
p/siti.4.jpg 1 0 0 317 317
p/siti.3.jpg 1 0 0 318 318
p/siti.2.jpg 1 0 0 324 324
p/siti.1.jpg 1 0 0 317 317
p/nabila.12731.jpg 1 0 0 86 86
p/nabila.12730.jpg 1 0 0 86 86
p/nabila.12729.jpg 1 0 0 86 86
p/nabila.9448.jpg 1 0 0 145 145
p/nabila.9447.jpg 1 0 0 135 135
p/nabila.9446.jpg 1 0 0 146 146
p/nabila.9445.jpg 1 0 0 142 142
p/nabila.9444.jpg 1 0 0 140 140
p/nabila.9443.jpg 1 0 0 135 135
p/nabila.9442.jpg 1 0 0 135 135
p/nabila.9441.jpg 1 0 0 138 138
p/nabila.9440.jpg 1 0 0 135 135
p/nabila.9439.jpg 1 0 0 139 139
p/nabila.6732.jpg 1 0 0 117 117
p/nabila.6731.jpg 1 0 0 105 105
p/nabila.6730.jpg 1 0 0 105 105
p/nabila.6729.jpg 1 0 0 100 100
p/nabila.6728.jpg 1 0 0 107 107
p/nabila.6727.jpg 1 0 0 112 112
p/nabila.6726.jpg 1 0 0 109 109
p/nabila.6725.jpg 1 0 0 105 105
p/nabila.6724.jpg 1 0 0 105 105
p/nabila.6723.jpg 1 0 0 99 99
p/nabila.5111.jpg 1 0 0 146 146
p/nabila.5096.jpg 1 0 0 164 164
p/nabila.5094.jpg 1 0 0 159 159
p/nabila.5093.jpg 1 0 0 159 159
p/nabila.5080.jpg 1 0 0 152 152
p/nabila.5075.jpg 1 0 0 155 155
p/nabila.5072.jpg 1 0 0 155 155
p/nabila.5064.jpg 1 0 0 153 153
p/nabila.5063.jpg 1 0 0 153 153
p/nabila.5062.jpg 1 0 0 154 154
p/siti.11686.jpg 1 0 0 96 122
p/siti.12462.jpg 1 0 0 88 126
p/siti.12463.jpg 1 0 0 80 134
p/siti.12464.jpg 1 0 0 110 126
p/siti.12465.jpg 1 0 0 78 124
p/siti.12466.jpg 1 0 0 108 140
p/siti.14101.jpg 1 0 0 102 132
p/siti.14102.jpg 1 0 0 106 130
p/siti.14103.jpg 1 0 0 88 122
p/siti.14104.jpg 1 0 0 88 128
p/siti.14105.jpg 1 0 0 90 130
p/siti.14226.jpg 1 0 0 86 122
p/siti.14227.jpg 1 0 0 88 102
p/siti.14228.jpg 1 0 0 82 112
p/siti.14229.jpg 1 0 0 100 116
p/siti.14230.jpg 1 0 0 92 106
p/siti.14231.jpg 1 0 0 108 124
p/siti.14547.jpg 1 0 0 208 308
p/siti.14551.jpg 1 0 0 214 310
p/siti.14677.jpg 1 0 0 216 310
p/siti.14681.jpg 1 0 0 220 298
p/siti.3708.jpg 1 0 0 172 252
p/siti.3709.jpg 1 0 0 158 242
p/siti.3710.jpg 1 0 0 158 252
p/siti.4485.jpg 1 0 0 146 212
p/siti.4486.jpg 1 0 0 138 186
p/siti.4487.jpg 1 0 0 136 194
p/siti.4488.jpg 1 0 0 142 190
p/siti.4489.jpg 1 0 0 132 184
p/siti.4692.jpg 1 0 0 134 194
p/siti.4693.jpg 1 0 0 138 166
p/siti.4694.jpg 1 0 0 122 178
p/nabila.11081.jpg 1 0 0 164 164
p/nabila.11080.jpg 1 0 0 164 164
p/nabila.10728.jpg 1 0 0 170 170
p/nabila.10709.jpg 1 0 0 170 170
p/nabila.10689.jpg 1 0 0 168 168
p/nabila.10688.jpg 1 0 0 170 170
p/nabila.10668.jpg 1 0 0 157 157
p/nabila.10664.jpg 1 0 0 170 170
p/nabila.10652.jpg 1 0 0 169 169
p/nabila.10650.jpg 1 0 0 164 164
p/nabila.10647.jpg 1 0 0 170 170
p/nabila.10646.jpg 1 0 0 170 170
p/nabila.10277.jpg 1 0 0 170 170
p/nabila.10273.jpg 1 0 0 177 177
p/nabila.10270.jpg 1 0 0 170 170
p/nabila.10255.jpg 1 0 0 170 170
p/nabila.7976.jpg 1 0 0 108 134
p/nabila.7977.jpg 1 0 0 118 140
p/nabila.9694.jpg 1 0 0 136 136
p/nabila.9259.jpg 1 0 0 158 200
p/nabila.9263.jpg 1 0 0 132 212
p/nabila.10228.jpg 1 0 0 150 208
p/nabila.14488.jpg 1 0 0 248 304
p/nabila.14489.jpg 1 0 0 226 284
p/nabila.14490.jpg 1 0 0 234 298
p/nabila.14491.jpg 1 0 0 232 286
p/nabila.14492.jpg 1 0 0 216 274
p/nabila.5332.jpg 1 0 0 120 144
p/nabila.5333.jpg 1 0 0 122 158
p/nabila.5334.jpg 1 0 0 126 152
p/nabila.7363.jpg 1 0 0 104 104
p/nabila.7362.jpg 1 0 0 104 104
p/nabila.7345.jpg 1 0 0 116 116
p/nabila.7344.jpg 1 0 0 116 116
p/nabila.7341.jpg 1 0 0 112 112
p/nabila.7340.jpg 1 0 0 112 112
p/nabila.7321.jpg 1 0 0 108 108
p/nabila.7249.jpg 1 0 0 106 106
p/nabila.6887.jpg 1 0 0 112 112
p/nabila.6175.jpg 1 0 0 82 116
p/nabila.6703.jpg 1 0 0 108 108
p/nabila.6420.jpg 1 0 0 102 110
p/nabila.6421.jpg 1 0 0 90 122
p/nabila.6422.jpg 1 0 0 82 122
p/nabila.6423.jpg 1 0 0 94 116
p/nabila.6859.jpg 1 0 0 98 118
p/nabila.6860.jpg 1 0 0 104 128
p/nabila.6861.jpg 1 0 0 106 134
p/nabila.6862.jpg 1 0 0 102 136
p/nabila.6863.jpg 1 0 0 110 130
p/nabila.586.jpg 1 0 0 172 272
p/nabila.588.jpg 1 0 0 172 278
p/nabila.589.jpg 1 0 0 172 272
p/nabila.785.jpg 1 0 0 226 290
p/ilham.13661.jpg 1 0 0 106 106
p/ilham.13660.jpg 1 0 0 110 110
p/ilham.13657.jpg 1 0 0 108 108
p/ilham.13656.jpg 1 0 0 109 109
p/ilham.13655.jpg 1 0 0 109 109
p/ilham.13654.jpg 1 0 0 108 108
p/ilham.13653.jpg 1 0 0 108 108
p/ilham.13652.jpg 1 0 0 106 106
p/ilham.13651.jpg 1 0 0 108 108
p/ilham.13650.jpg 1 0 0 108 108
p/ilham.13649.jpg 1 0 0 109 109
p/ilham.13648.jpg 1 0 0 108 108
p/ilham.13645.jpg 1 0 0 106 106
p/ilham.13644.jpg 1 0 0 108 108
p/ilham.13643.jpg 1 0 0 108 108
p/ilham.13627.jpg 1 0 0 108 108
p/ilham.13626.jpg 1 0 0 109 109
p/ilham.13625.jpg 1 0 0 105 105
p/ilham.13624.jpg 1 0 0 105 105
p/ilham.8287.jpg 1 0 0 179 179
p/fuad.12954.jpg 1 0 0 130 130
p/fuad.12953.jpg 1 0 0 130 130
p/fuad.12952.jpg 1 0 0 115 115
p/fuad.9976.jpg 1 0 0 180 180
p/fuad.9975.jpg 1 0 0 180 180
p/fuad.9974.jpg 1 0 0 167 167
p/fuad.6399.jpg 1 0 0 149 149
p/fuad.6398.jpg 1 0 0 149 149
p/fuad.6397.jpg 1 0 0 138 138
p/fuad.6396.jpg 1 0 0 144 144
p/fuad.6395.jpg 1 0 0 142 142
p/fuad.6394.jpg 1 0 0 135 135
p/fuad.6393.jpg 1 0 0 142 142
p/fuad.6392.jpg 1 0 0 137 137
p/fuad.6389.jpg 1 0 0 134 134
p/fuad.6388.jpg 1 0 0 134 134
p/fuad.6387.jpg 1 0 0 145 145
p/fuad.6386.jpg 1 0 0 134 134
p/fuad.6385.jpg 1 0 0 135 135
p/fuad.6384.jpg 1 0 0 123 123
p/fuad.6383.jpg 1 0 0 145 145
p/fuad.2365.jpg 1 0 0 196 196
p/fuad.2364.jpg 1 0 0 197 197
p/fuad.2363.jpg 1 0 0 201 201
p/fuad.0.jpg 1 0 0 292 302
p/fuad.739.jpg 1 0 0 306 294
p/fuad.740.jpg 1 0 0 296 290
p/fuad.743.jpg 1 0 0 266 308
p/fuad.744.jpg 1 0 0 254 304
p/fuad.1577.jpg 1 0 0 272 294
p/fuad.1864.jpg 1 0 0 262 278
p/fuad.1865.jpg 1 0 0 266 278
p/fuad.2265.jpg 1 0 0 280 284
p/fuad.2266.jpg 1 0 0 276 282
p/fuad.2318.jpg 1 0 0 274 286
p/fuad.2319.jpg 1 0 0 268 288
p/fuad.2963.jpg 1 0 0 166 210
p/fuad.2964.jpg 1 0 0 170 206
p/fuad.3361.jpg 1 0 0 168 224
p/fuad.3760.jpg 1 0 0 172 216
p/fuad.4415.jpg 1 0 0 138 164
p/fuad.4416.jpg 1 0 0 138 160
p/fuad.5413.jpg 1 0 0 136 172
p/fuad.5414.jpg 1 0 0 132 176
p/fuad.5415.jpg 1 0 0 130 164
p/fuad.5920.jpg 1 0 0 136 166
p/fuad.6929.jpg 1 0 0 144 166
p/fuad.8908.jpg 1 0 0 168 204
p/fuad.8909.jpg 1 0 0 170 208
p/fuad.9893.jpg 1 0 0 158 200
p/fuad.9894.jpg 1 0 0 164 182
p/fuad.10855.jpg 1 0 0 180 192
p/fuad.10856.jpg 1 0 0 172 194
p/fuad.12064.jpg 1 0 0 104 122
p/fuad.12065.jpg 1 0 0 106 134
p/fuad.14610.jpg 1 0 0 106 124
p/fuad.14611.jpg 1 0 0 110 126
p/fuad.15000.jpg 1 0 0 82 98
p/fuad.15001.jpg 1 0 0 89 108
p/fuad.15427.jpg 1 0 0 224 292
p/fuad.15428.jpg 1 0 0 220 310
p/nabila.7039.jpg 1 0 0 114 154
p/nabila.7040.jpg 1 0 0 114 130
p/nabila.7041.jpg 1 0 0 116 142
p/nabila.7042.jpg 1 0 0 106 136
p/nabila.7043.jpg 1 0 0 102 128
p/nabila.4975.jpg 1 0 0 136 166
p/nabila.4976.jpg 1 0 0 132 162
p/nabila.4977.jpg 1 0 0 138 160
p/nabila.4978.jpg 1 0 0 130 152
p/nabila.4979.jpg 1 0 0 132 166
p/ilham.3311.jpg 1 0 0 212 214
p/ilham.3312.jpg 1 0 0 236 206
p/ilham.3313.jpg 1 0 0 204 222
p/ilham.3314.jpg 1 0 0 238 218
p/ilham.3315.jpg 1 0 0 208 214
p/ilham.3316.jpg 1 0 0 224 212
p/ilham.3321.jpg 1 0 0 214 224
p/ilham.3322.jpg 1 0 0 210 228
p/ilham.2255.jpg 1 0 0 184 218
p/ilham.2256.jpg 1 0 0 170 212
p/ilham.2257.jpg 1 0 0 178 226
p/ilham.2258.jpg 1 0 0 176 218
p/ilham.2266.jpg 1 0 0 186 208
p/ilham.792.jpg 1 0 0 262 348
p/ilham.793.jpg 1 0 0 272 340
p/ilham.794.jpg 1 0 0 264 330
p/ilham.795.jpg 1 0 0 268 340
p/ilham.796.jpg 1 0 0 266 340
p/ilham.803.jpg 1 0 0 262 380
p/fikri.10039.jpg 1 0 0 133 133
p/fikri.10038.jpg 1 0 0 129 129
p/fikri.10037.jpg 1 0 0 134 134
p/fikri.10036.jpg 1 0 0 133 133
p/fauzan.5586.jpg 1 0 0 99 99
p/fauzan.5585.jpg 1 0 0 116 116
p/fauzan.5584.jpg 1 0 0 114 114
p/fauzan.5583.jpg 1 0 0 116 116
p/siti.13497.jpg 1 0 0 68 108
p/siti.13498.jpg 1 0 0 78 106
p/siti.13499.jpg 1 0 0 62 102
p/siti.14222.jpg 1 0 0 62 78
p/siti.14224.jpg 1 0 0 68 96
p/siti.14225.jpg 1 0 0 80 76
p/siti.14574.jpg 1 0 0 142 250
p/siti.14575.jpg 1 0 0 154 258
p/siti.14576.jpg 1 0 0 154 218
p/siti.14577.jpg 1 0 0 178 248
p/nabila.0.jpg 1 0 0 170 264
p/nabila.1.jpg 1 0 0 184 264
p/nabila.2.jpg 1 0 0 184 272
p/nabila.3.jpg 1 0 0 180 252
p/nabila.8354.jpg 1 0 0 94 142
p/nabila.8355.jpg 1 0 0 88 144
p/nabila.8356.jpg 1 0 0 86 148
p/nabila.8357.jpg 1 0 0 86 152
p/nabila.12120.jpg 1 0 0 82 104
p/nabila.12121.jpg 1 0 0 84 104
p/nabila.12122.jpg 1 0 0 74 96
p/nabila.12123.jpg 1 0 0 80 108
p/siti.0.jpg 1 0 0 144 258
p/siti.609.jpg 1 0 0 170 234
p/siti.610.jpg 1 0 0 166 242
p/siti.611.jpg 1 0 0 174 242
p/siti.612.jpg 1 0 0 156 236
p/siti.1248.jpg 1 0 0 152 282
p/siti.1249.jpg 1 0 0 158 280
p/siti.1250.jpg 1 0 0 166 284
p/siti.1251.jpg 1 0 0 204 274
p/siti.6235.jpg 1 0 0 56 116
p/siti.6236.jpg 1 0 0 58 118
p/siti.6237.jpg 1 0 0 58 128
p/siti.6238.jpg 1 0 0 58 112
p/siti.11682.jpg 1 0 0 52 94
p/siti.11683.jpg 1 0 0 54 102
p/siti.11684.jpg 1 0 0 56 88
p/siti.11685.jpg 1 0 0 58 92
p/siti.13496.jpg 1 0 0 56 92
p/ilham.4881.jpg 1 0 0 150 166
p/ilham.4882.jpg 1 0 0 144 164
p/ilham.4883.jpg 1 0 0 148 174
p/ilham.4884.jpg 1 0 0 164 166
p/ilham.6865.jpg 1 0 0 112 138
p/ilham.6866.jpg 1 0 0 116 150
p/ilham.6867.jpg 1 0 0 114 142
p/ilham.6868.jpg 1 0 0 120 136
p/ilham.12981.jpg 1 0 0 94 118
p/ilham.12982.jpg 1 0 0 98 110
p/ilham.12983.jpg 1 0 0 88 110
p/ilham.12984.jpg 1 0 0 88 108
p/fikri.1683.jpg 1 0 0 294 262
p/fikri.1684.jpg 1 0 0 288 270
p/fikri.1685.jpg 1 0 0 284 272
p/fikri.2962.jpg 1 0 0 176 208
p/fikri.2963.jpg 1 0 0 158 204
p/fikri.2964.jpg 1 0 0 146 190
p/fikri.2965.jpg 1 0 0 156 190
p/fikri.4995.jpg 1 0 0 124 148
p/fikri.4996.jpg 1 0 0 122 158
p/fikri.4997.jpg 1 0 0 116 160
p/fikri.4998.jpg 1 0 0 128 148
p/fikri.7310.jpg 1 0 0 118 118
p/fikri.7311.jpg 1 0 0 114 126
p/fikri.7312.jpg 1 0 0 110 130
p/fikri.7313.jpg 1 0 0 110 132
p/fauzan.6483.jpg 1 0 0 100 124
p/fauzan.7858.jpg 1 0 0 88 128
p/fauzan.10575.jpg 1 0 0 126 194
p/fauzan.10576.jpg 1 0 0 130 190
p/fauzan.10577.jpg 1 0 0 138 182
p/fauzan.10578.jpg 1 0 0 172 196
p/fauzan.13785.jpg 1 0 0 78 96
p/fauzan.13786.jpg 1 0 0 74 90
p/fauzan.13787.jpg 1 0 0 82 98
p/fauzan.13788.jpg 1 0 0 74 90
p/fikri.0.jpg 1 0 0 154 266
p/fikri.1.jpg 1 0 0 158 254
p/fikri.2.jpg 1 0 0 192 254
p/fikri.3.jpg 1 0 0 198 262
p/fikri.712.jpg 1 0 0 194 266
p/fikri.713.jpg 1 0 0 198 268
p/fikri.714.jpg 1 0 0 184 258
p/fikri.715.jpg 1 0 0 186 254
p/fikri.1682.jpg 1 0 0 210 276
p/fauzan.3600.jpg 1 0 0 100 150
p/fauzan.3601.jpg 1 0 0 106 140
p/fauzan.3602.jpg 1 0 0 104 162
p/fauzan.3603.jpg 1 0 0 100 130
p/fauzan.6160.jpg 1 0 0 86 120