p/siti.11686.jpg 1 0 0 96 122
p/siti.12462.jpg 1 0 0 88 126
p/siti.12463.jpg 1 0 0 80 134
p/siti.12464.jpg 1 0 0 110 126
p/siti.12465.jpg 1 0 0 78 124
p/siti.12466.jpg 1 0 0 108 140
p/siti.14101.jpg 1 0 0 102 132
p/siti.14102.jpg 1 0 0 106 130
p/siti.14103.jpg 1 0 0 88 122
p/siti.14104.jpg 1 0 0 88 128
p/siti.14105.jpg 1 0 0 90 130
p/siti.14226.jpg 1 0 0 86 122
p/siti.14227.jpg 1 0 0 88 102
p/siti.14228.jpg 1 0 0 82 112
p/siti.14229.jpg 1 0 0 100 116
p/siti.14230.jpg 1 0 0 92 106
p/siti.14231.jpg 1 0 0 108 124
p/siti.14547.jpg 1 0 0 208 308
p/siti.14551.jpg 1 0 0 214 310
p/siti.14677.jpg 1 0 0 216 310
p/siti.14681.jpg 1 0 0 220 298
p/siti.3708.jpg 1 0 0 172 252
p/siti.3709.jpg 1 0 0 158 242
p/siti.3710.jpg 1 0 0 158 252
p/siti.4485.jpg 1 0 0 146 212
p/siti.4486.jpg 1 0 0 138 186
p/siti.4487.jpg 1 0 0 136 194
p/siti.4488.jpg 1 0 0 142 190
p/siti.4489.jpg 1 0 0 132 184
p/siti.4692.jpg 1 0 0 134 194
p/siti.4693.jpg 1 0 0 138 166
p/siti.4694.jpg 1 0 0 122 178
p/nabila.10665.jpg 1 0 0 159 159
p/nabila.10652.jpg 1 0 0 169 169
p/nabila.10650.jpg 1 0 0 164 164
p/nabila.10647.jpg 1 0 0 170 170
p/nabila.10273.jpg 1 0 0 177 177
p/nabila.10270.jpg 1 0 0 170 170
p/nabila.10269.jpg 1 0 0 177 177
p/nabila.10268.jpg 1 0 0 177 177
p/nabila.10256.jpg 1 0 0 170 170
p/nabila.10255.jpg 1 0 0 170 170
p/nabila.7976.jpg 1 0 0 108 134
p/nabila.7977.jpg 1 0 0 118 140
p/nabila.9259.jpg 1 0 0 158 200
p/nabila.9263.jpg 1 0 0 132 212
p/nabila.10228.jpg 1 0 0 150 208
p/nabila.10229.jpg 1 0 0 154 208
p/nabila.10230.jpg 1 0 0 160 204
p/nabila.10231.jpg 1 0 0 154 210
p/nabila.10232.jpg 1 0 0 142 206
p/nabila.14488.jpg 1 0 0 248 304
p/nabila.5332.jpg 1 0 0 120 144
p/nabila.7363.jpg 1 0 0 104 104
p/nabila.7362.jpg 1 0 0 104 104
p/nabila.7345.jpg 1 0 0 116 116
p/nabila.7344.jpg 1 0 0 116 116
p/nabila.7341.jpg 1 0 0 112 112
p/nabila.7340.jpg 1 0 0 112 112
p/nabila.7249.jpg 1 0 0 106 106
p/nabila.6175.jpg 1 0 0 82 116
p/nabila.6420.jpg 1 0 0 102 110
p/nabila.6421.jpg 1 0 0 90 122
p/nabila.6422.jpg 1 0 0 82 122
p/nabila.6423.jpg 1 0 0 94 116
p/nabila.6862.jpg 1 0 0 102 136
p/nabila.586.jpg 1 0 0 172 272
p/nabila.588.jpg 1 0 0 172 278
p/nabila.785.jpg 1 0 0 226 290
p/fuad.0.jpg 1 0 0 292 302
p/fuad.739.jpg 1 0 0 306 294
p/fuad.740.jpg 1 0 0 296 290
p/fuad.743.jpg 1 0 0 266 308
p/fuad.744.jpg 1 0 0 254 304
p/fuad.1577.jpg 1 0 0 272 294
p/fuad.1864.jpg 1 0 0 262 278
p/fuad.1865.jpg 1 0 0 266 278
p/fuad.2265.jpg 1 0 0 280 284
p/fuad.2266.jpg 1 0 0 276 282
p/fuad.2318.jpg 1 0 0 274 286
p/fuad.2319.jpg 1 0 0 268 288
p/fuad.2963.jpg 1 0 0 166 210
p/fuad.2964.jpg 1 0 0 170 206
p/fuad.3361.jpg 1 0 0 168 224
p/fuad.3760.jpg 1 0 0 172 216
p/fuad.4415.jpg 1 0 0 138 164
p/fuad.4416.jpg 1 0 0 138 160
p/fuad.5413.jpg 1 0 0 136 172
p/fuad.5414.jpg 1 0 0 132 176
p/fuad.5415.jpg 1 0 0 130 164
p/fuad.5920.jpg 1 0 0 136 166
p/fuad.6929.jpg 1 0 0 144 166
p/fuad.8908.jpg 1 0 0 168 204
p/fuad.8909.jpg 1 0 0 170 208
p/fuad.9893.jpg 1 0 0 158 200
p/fuad.9894.jpg 1 0 0 164 182
p/fuad.10855.jpg 1 0 0 180 192
p/fuad.10856.jpg 1 0 0 172 194
p/fuad.12064.jpg 1 0 0 104 122
p/fuad.12065.jpg 1 0 0 106 134
p/fuad.14610.jpg 1 0 0 106 124
p/fuad.14611.jpg 1 0 0 110 126
p/fuad.15000.jpg 1 0 0 82 98
p/fuad.15001.jpg 1 0 0 89 108
p/fuad.15427.jpg 1 0 0 224 292
p/fuad.15428.jpg 1 0 0 220 310
p/ilham.3311.jpg 1 0 0 212 214
p/ilham.3312.jpg 1 0 0 236 206
p/ilham.3313.jpg 1 0 0 204 222
p/ilham.3314.jpg 1 0 0 238 218
p/ilham.3315.jpg 1 0 0 208 214
p/ilham.3316.jpg 1 0 0 224 212
p/ilham.3321.jpg 1 0 0 214 224
p/ilham.3322.jpg 1 0 0 210 228
p/ilham.2255.jpg 1 0 0 184 218
p/ilham.2256.jpg 1 0 0 170 212
p/ilham.2257.jpg 1 0 0 178 226
p/ilham.2258.jpg 1 0 0 176 218
p/ilham.2266.jpg 1 0 0 186 208
p/ilham.792.jpg 1 0 0 262 348
p/ilham.793.jpg 1 0 0 272 340
p/ilham.794.jpg 1 0 0 264 330
p/ilham.795.jpg 1 0 0 268 340
p/ilham.796.jpg 1 0 0 266 340
p/ilham.803.jpg 1 0 0 262 380
p/siti.13497.jpg 1 0 0 68 108
p/siti.13498.jpg 1 0 0 78 106
p/siti.13499.jpg 1 0 0 62 102
p/siti.14222.jpg 1 0 0 62 78
p/siti.14223.jpg 1 0 0 60 88
p/siti.14224.jpg 1 0 0 68 96
p/siti.14225.jpg 1 0 0 80 76
p/siti.14574.jpg 1 0 0 142 250
p/siti.14575.jpg 1 0 0 154 258
p/siti.14576.jpg 1 0 0 154 218
p/siti.14577.jpg 1 0 0 178 248
p/nabila.0.jpg 1 0 0 170 264
p/nabila.8354.jpg 1 0 0 94 142
p/nabila.8355.jpg 1 0 0 88 144
p/nabila.8356.jpg 1 0 0 86 148
p/nabila.12120.jpg 1 0 0 82 104
p/nabila.12121.jpg 1 0 0 84 104
p/siti.0.jpg 1 0 0 144 258
p/siti.1.jpg 1 0 0 128 262
p/siti.2.jpg 1 0 0 138 258
p/siti.3.jpg 1 0 0 136 270
p/siti.609.jpg 1 0 0 170 234
p/siti.610.jpg 1 0 0 166 242
p/siti.611.jpg 1 0 0 174 242
p/siti.612.jpg 1 0 0 156 236
p/siti.1248.jpg 1 0 0 152 282
p/siti.1249.jpg 1 0 0 158 280
p/siti.1250.jpg 1 0 0 166 284
p/siti.1251.jpg 1 0 0 204 274
p/siti.6235.jpg 1 0 0 56 116
p/siti.6236.jpg 1 0 0 58 118
p/siti.6237.jpg 1 0 0 58 128
p/siti.6238.jpg 1 0 0 58 112
p/siti.11682.jpg 1 0 0 52 94
p/siti.11683.jpg 1 0 0 54 102
p/siti.11684.jpg 1 0 0 56 88
p/siti.11685.jpg 1 0 0 58 92
p/siti.13496.jpg 1 0 0 56 92
p/ilham.4881.jpg 1 0 0 150 166
p/ilham.4882.jpg 1 0 0 144 164
p/ilham.4883.jpg 1 0 0 148 174
p/ilham.4884.jpg 1 0 0 164 166
p/ilham.6865.jpg 1 0 0 112 138
p/ilham.12981.jpg 1 0 0 94 118
p/ilham.12982.jpg 1 0 0 98 110
p/ilham.12983.jpg 1 0 0 88 110
p/ilham.12984.jpg 1 0 0 88 108
p/fikri.1683.jpg 1 0 0 294 262
p/fikri.1684.jpg 1 0 0 288 270
p/fikri.1685.jpg 1 0 0 284 272
p/fikri.2962.jpg 1 0 0 176 208
p/fikri.4995.jpg 1 0 0 124 148
p/fikri.4996.jpg 1 0 0 122 158
p/fikri.4997.jpg 1 0 0 116 160
p/fikri.4998.jpg 1 0 0 128 148
p/fikri.7310.jpg 1 0 0 118 118
p/fikri.7311.jpg 1 0 0 114 126
p/fikri.7312.jpg 1 0 0 110 130
p/fikri.7313.jpg 1 0 0 110 132
p/fauzan.10576.jpg 1 0 0 130 190
p/fauzan.10577.jpg 1 0 0 138 182
p/fauzan.10578.jpg 1 0 0 172 196
p/fauzan.13785.jpg 1 0 0 78 96
p/fauzan.13786.jpg 1 0 0 74 90
p/fauzan.13787.jpg 1 0 0 82 98
p/fauzan.13788.jpg 1 0 0 74 90
p/fikri.0.jpg 1 0 0 154 266
p/fikri.1.jpg 1 0 0 158 254
p/fikri.2.jpg 1 0 0 192 254
p/fikri.3.jpg 1 0 0 198 262
p/fikri.712.jpg 1 0 0 194 266
p/fikri.713.jpg 1 0 0 198 268
p/fikri.714.jpg 1 0 0 184 258
p/fikri.715.jpg 1 0 0 186 254
p/fikri.1682.jpg 1 0 0 210 276
p/fauzan.3600.jpg 1 0 0 100 150
p/fauzan.3601.jpg 1 0 0 106 140
p/fauzan.3602.jpg 1 0 0 104 162
p/fauzan.3603.jpg 1 0 0 100 130